0 info it worked if it ends with ok
1 verbose cli [ 'node',
1 verbose cli   '/home/jun/.meteor/packages/meteor-tool/.1.3.2_4.18nv8ud++os.linux.x86_64+web.browser+web.cordova/mt-os.linux.x86_64/dev_bundle/bin/npm',
1 verbose cli   'install' ]
2 info using npm@2.14.22
3 info using node@v0.10.43
4 verbose readDependencies loading dependencies from /home/jun/Desktop/random/package.json
5 error install Couldn't read dependencies
6 verbose stack Error: ENOENT, open '/home/jun/Desktop/random/package.json'
7 verbose cwd /home/jun/Desktop/random
8 error Linux 3.19.0-60-generic
9 error argv "node" "/home/jun/.meteor/packages/meteor-tool/.1.3.2_4.18nv8ud++os.linux.x86_64+web.browser+web.cordova/mt-os.linux.x86_64/dev_bundle/bin/npm" "install"
10 error node v0.10.43
11 error npm  v2.14.22
12 error path /home/jun/Desktop/random/package.json
13 error code ENOPACKAGEJSON
14 error errno 34
15 error package.json ENOENT, open '/home/jun/Desktop/random/package.json'
15 error package.json This is most likely not a problem with npm itself.
15 error package.json npm can't find a package.json file in your current directory.
16 verbose exit [ 34, true ]
