0 info it worked if it ends with ok
1 verbose cli [ 'node',
1 verbose cli   '/home/jun/.meteor/packages/meteor-tool/.1.3.2_4.18nv8ud++os.linux.x86_64+web.browser+web.cordova/mt-os.linux.x86_64/dev_bundle/bin/npm',
1 verbose cli   'install',
1 verbose cli   'jagi:astronomy',
1 verbose cli   '--save' ]
2 info using npm@2.14.22
3 info using node@v0.10.43
4 verbose install initial load of /home/jun/Desktop/random/gbikini/package.json
5 verbose installManyTop reading scoped package data from /home/jun/Desktop/random/gbikini/node_modules/amdefine/package.json
6 verbose installManyTop reading scoped package data from /home/jun/Desktop/random/gbikini/node_modules/asap/package.json
7 verbose installManyTop reading scoped package data from /home/jun/Desktop/random/gbikini/node_modules/babel-runtime/package.json
8 verbose installManyTop reading scoped package data from /home/jun/Desktop/random/gbikini/node_modules/base62/package.json
9 verbose installManyTop reading scoped package data from /home/jun/Desktop/random/gbikini/node_modules/core-js/package.json
10 verbose installManyTop reading scoped package data from /home/jun/Desktop/random/gbikini/node_modules/domready/package.json
11 verbose installManyTop reading scoped package data from /home/jun/Desktop/random/gbikini/node_modules/envify/package.json
12 verbose installManyTop reading scoped package data from /home/jun/Desktop/random/gbikini/node_modules/esprima-fb/package.json
13 verbose installManyTop reading scoped package data from /home/jun/Desktop/random/gbikini/node_modules/fbjs/package.json
14 verbose installManyTop reading scoped package data from /home/jun/Desktop/random/gbikini/node_modules/hoist-non-react-statics/package.json
15 verbose installManyTop reading scoped package data from /home/jun/Desktop/random/gbikini/node_modules/invariant/package.json
16 verbose installManyTop reading scoped package data from /home/jun/Desktop/random/gbikini/node_modules/js-tokens/package.json
17 verbose installManyTop reading scoped package data from /home/jun/Desktop/random/gbikini/node_modules/jstransform/package.json
18 verbose installManyTop reading scoped package data from /home/jun/Desktop/random/gbikini/node_modules/lodash._getnative/package.json
19 verbose installManyTop reading scoped package data from /home/jun/Desktop/random/gbikini/node_modules/lodash.isarguments/package.json
20 verbose installManyTop reading scoped package data from /home/jun/Desktop/random/gbikini/node_modules/lodash.isarray/package.json
21 verbose installManyTop reading scoped package data from /home/jun/Desktop/random/gbikini/node_modules/lodash.keys/package.json
22 verbose installManyTop reading scoped package data from /home/jun/Desktop/random/gbikini/node_modules/loose-envify/package.json
23 verbose installManyTop reading scoped package data from /home/jun/Desktop/random/gbikini/node_modules/promise/package.json
24 verbose installManyTop reading scoped package data from /home/jun/Desktop/random/gbikini/node_modules/react/package.json
25 verbose installManyTop reading scoped package data from /home/jun/Desktop/random/gbikini/node_modules/react-dom/package.json
26 verbose installManyTop reading scoped package data from /home/jun/Desktop/random/gbikini/node_modules/react-komposer/package.json
27 verbose installManyTop reading scoped package data from /home/jun/Desktop/random/gbikini/node_modules/react-mounter/package.json
28 verbose installManyTop reading scoped package data from /home/jun/Desktop/random/gbikini/node_modules/react-tap-event-plugin/package.json
29 verbose installManyTop reading scoped package data from /home/jun/Desktop/random/gbikini/node_modules/shallowequal/package.json
30 verbose installManyTop reading scoped package data from /home/jun/Desktop/random/gbikini/node_modules/source-map/package.json
31 verbose installManyTop reading scoped package data from /home/jun/Desktop/random/gbikini/node_modules/through/package.json
32 verbose installManyTop reading scoped package data from /home/jun/Desktop/random/gbikini/node_modules/ua-parser-js/package.json
33 verbose installManyTop reading scoped package data from /home/jun/Desktop/random/gbikini/node_modules/whatwg-fetch/package.json
34 verbose readDependencies loading dependencies from /home/jun/Desktop/random/gbikini/package.json
35 verbose stack Error: Unsupported URL Type: jagi:astronomy
35 verbose stack     at parseUrl (/home/jun/.meteor/packages/meteor-tool/.1.3.2_4.18nv8ud++os.linux.x86_64+web.browser+web.cordova/mt-os.linux.x86_64/dev_bundle/lib/node_modules/npm/node_modules/npm-package-arg/npa.js:169:13)
35 verbose stack     at npa (/home/jun/.meteor/packages/meteor-tool/.1.3.2_4.18nv8ud++os.linux.x86_64+web.browser+web.cordova/mt-os.linux.x86_64/dev_bundle/lib/node_modules/npm/node_modules/npm-package-arg/npa.js:75:12)
35 verbose stack     at resolver (/home/jun/.meteor/packages/meteor-tool/.1.3.2_4.18nv8ud++os.linux.x86_64+web.browser+web.cordova/mt-os.linux.x86_64/dev_bundle/lib/node_modules/npm/lib/install.js:845:42)
35 verbose stack     at /home/jun/.meteor/packages/meteor-tool/.1.3.2_4.18nv8ud++os.linux.x86_64+web.browser+web.cordova/mt-os.linux.x86_64/dev_bundle/lib/node_modules/npm/node_modules/slide/lib/async-map.js:52:35
35 verbose stack     at Array.forEach (native)
35 verbose stack     at /home/jun/.meteor/packages/meteor-tool/.1.3.2_4.18nv8ud++os.linux.x86_64+web.browser+web.cordova/mt-os.linux.x86_64/dev_bundle/lib/node_modules/npm/node_modules/slide/lib/async-map.js:52:11
35 verbose stack     at Array.forEach (native)
35 verbose stack     at asyncMap (/home/jun/.meteor/packages/meteor-tool/.1.3.2_4.18nv8ud++os.linux.x86_64+web.browser+web.cordova/mt-os.linux.x86_64/dev_bundle/lib/node_modules/npm/node_modules/slide/lib/async-map.js:51:8)
35 verbose stack     at /home/jun/.meteor/packages/meteor-tool/.1.3.2_4.18nv8ud++os.linux.x86_64+web.browser+web.cordova/mt-os.linux.x86_64/dev_bundle/lib/node_modules/npm/lib/install.js:703:5
35 verbose stack     at /home/jun/.meteor/packages/meteor-tool/.1.3.2_4.18nv8ud++os.linux.x86_64+web.browser+web.cordova/mt-os.linux.x86_64/dev_bundle/lib/node_modules/npm/lib/install.js:368:22
36 verbose cwd /home/jun/Desktop/random/gbikini
37 error Linux 3.19.0-59-generic
38 error argv "node" "/home/jun/.meteor/packages/meteor-tool/.1.3.2_4.18nv8ud++os.linux.x86_64+web.browser+web.cordova/mt-os.linux.x86_64/dev_bundle/bin/npm" "install" "jagi:astronomy" "--save"
39 error node v0.10.43
40 error npm  v2.14.22
41 error Unsupported URL Type: jagi:astronomy
42 error If you need help, you may report this error at:
42 error     <https://github.com/npm/npm/issues>
43 verbose exit [ 1, true ]
